\BOOKMARK [0][-]{section*.1}{\315ndice general}{}% 1
\BOOKMARK [0][-]{section*.2}{\315ndice de figuras}{}% 2
\BOOKMARK [0][-]{section*.3}{\315ndice de tablas}{}% 3
\BOOKMARK [0][-]{chapter*.4}{Introducci\363n}{}% 4
\BOOKMARK [1][-]{section.1.1}{Estructura de la memoria}{chapter*.4}% 5
\BOOKMARK [1][-]{section.1.2}{Materiales adjuntos}{chapter*.4}% 6
\BOOKMARK [0][-]{chapter*.5}{Objetivos del proyecto}{}% 7
\BOOKMARK [1][-]{section.2.1}{Objetivos generales}{chapter*.5}% 8
\BOOKMARK [1][-]{section.2.2}{Objetivos t\351cnicos}{chapter*.5}% 9
\BOOKMARK [1][-]{section.2.3}{Objetivos personales}{chapter*.5}% 10
\BOOKMARK [0][-]{chapter*.6}{Conceptos te\363ricos}{}% 11
\BOOKMARK [1][-]{section.3.1}{Bus CAN}{chapter*.6}% 12
\BOOKMARK [1][-]{section.3.2}{Desarrollo del hardware}{chapter*.6}% 13
\BOOKMARK [1][-]{section.3.3}{Referencias}{chapter*.6}% 14
\BOOKMARK [1][-]{section.3.4}{Im\341genes}{chapter*.6}% 15
\BOOKMARK [1][-]{section.3.5}{Listas de items}{chapter*.6}% 16
\BOOKMARK [1][-]{section.3.6}{Tablas}{chapter*.6}% 17
\BOOKMARK [0][-]{chapter*.13}{T\351cnicas y herramientas}{}% 18
\BOOKMARK [1][-]{section.4.1}{Metodolog\355as}{chapter*.13}% 19
\BOOKMARK [1][-]{section.4.2}{Patrones de dise\361o}{chapter*.13}% 20
\BOOKMARK [1][-]{section.4.3}{Control de versiones}{chapter*.13}% 21
\BOOKMARK [1][-]{section.4.4}{Hosting}{chapter*.13}% 22
\BOOKMARK [1][-]{section.4.5}{Gesti\363n del proyecto}{chapter*.13}% 23
\BOOKMARK [1][-]{section.4.6}{Entorno de desarrollo}{chapter*.13}% 24
\BOOKMARK [1][-]{section.4.7}{Documentaci\363n}{chapter*.13}% 25
\BOOKMARK [1][-]{section.4.8}{Impresi\363n 3D}{chapter*.13}% 26
\BOOKMARK [1][-]{section.4.9}{Librerias}{chapter*.13}% 27
\BOOKMARK [1][-]{section.4.10}{Dise\361o de hardware}{chapter*.13}% 28
\BOOKMARK [1][-]{section.4.11}{Bus CAN}{chapter*.13}% 29
\BOOKMARK [0][-]{chapter*.37}{Aspectos relevantes del desarrollo del proyecto}{}% 30
\BOOKMARK [1][-]{section.5.1}{Inicio del proyecto}{chapter*.37}% 31
\BOOKMARK [1][-]{section.5.2}{Metodolog\355as}{chapter*.37}% 32
\BOOKMARK [1][-]{section.5.3}{Formaci\363n}{chapter*.37}% 33
\BOOKMARK [1][-]{section.5.4}{Desarrollo del hardware}{chapter*.37}% 34
\BOOKMARK [1][-]{section.5.5}{Desarrollo del software}{chapter*.37}% 35
\BOOKMARK [1][-]{section.5.6}{Dise\361o e impresi\363n de la caja}{chapter*.37}% 36
\BOOKMARK [0][-]{chapter*.43}{Trabajos relacionados}{}% 37
\BOOKMARK [0][-]{chapter*.44}{Conclusiones y L\355neas de trabajo futuras}{}% 38
\BOOKMARK [1][-]{section.7.1}{Conclusiones}{chapter*.44}% 39
\BOOKMARK [1][-]{section.7.2}{L\355neas de trabajo futuras}{chapter*.44}% 40
