This is pdfTeX, Version 3.14159265-2.6-1.40.19 (MiKTeX 2.9.6930 64-bit) (preloaded format=pdflatex 2019.1.9)  13 FEB 2019 00:16
entering extended mode
**./memoria.tex
(memoria.tex
LaTeX2e <2018-12-01>
("C:\Users\MS02\AppData\Local\Programs\MiKTeX 2.9\tex/latex/memoir\memoir.cls"
Document Class: memoir 2018/12/12 v3.7h configurable book, report, article docu
ment class
\onelineskip=\skip41
\lxvchars=\skip42
\xlvchars=\skip43
\@memcnta=\count80
\c@@memmarkcntra=\count81

("C:\Users\MS02\AppData\Local\Programs\MiKTeX 2.9\tex/generic/oberdiek\ifpdf.st
y"
Package: ifpdf 2018/09/07 v3.3 Provides the ifpdf switch
)
("C:\Users\MS02\AppData\Local\Programs\MiKTeX 2.9\tex/latex/ifetex\ifetex.sty"
Package: ifetex 2018/03/31 v1.2a ifetex

("C:\Users\MS02\AppData\Local\Programs\MiKTeX 2.9\tex/plain/ifetex\ifetex.tex")
)
("C:\Users\MS02\AppData\Local\Programs\MiKTeX 2.9\tex/generic/ifxetex\ifxetex.s
ty"
Package: ifxetex 2010/09/12 v0.6 Provides ifxetex conditional
)
("C:\Users\MS02\AppData\Local\Programs\MiKTeX 2.9\tex/generic/oberdiek\ifluatex
.sty"
Package: ifluatex 2016/05/16 v1.4 Provides the ifluatex switch (HO)
Package ifluatex Info: LuaTeX not detected.
)
\stockheight=\skip44
\stockwidth=\skip45
\trimtop=\skip46
\trimedge=\skip47

("C:\Users\MS02\AppData\Local\Programs\MiKTeX 2.9\tex/latex/memoir\mem12.clo"
File: mem12.clo 2010/10/19 v0.4b memoir class 12pt size option
)
\binding=\skip48
\spinemargin=\skip49
\foremargin=\skip50
\uppermargin=\skip51
\lowermargin=\skip52
\headdrop=\skip53
\normalrulethickness=\skip54
\mem@maxheadheight=\skip55
\mem@maxfootheight=\skip56
\headwidth=\skip57
\c@storedpagenumber=\count82
\memPD=\dimen102
\m@mabparskip=\skip58
\thanksmarkwidth=\skip59
\thanksmarksep=\skip60
\droptitle=\skip61
\c@book=\count83
\c@part=\count84
\c@chapter=\count85
\c@section=\count86
\c@subsection=\count87
\c@subsubsection=\count88
\c@paragraph=\count89
\c@subparagraph=\count90
\beforechapskip=\skip62
\midchapskip=\skip63
\afterchapskip=\skip64
\chapindent=\skip65
\bottomsectionskip=\skip66
\secindent=\skip67
\beforesecskip=\skip68
\aftersecskip=\skip69
\subsecindent=\skip70
\beforesubsecskip=\skip71
\aftersubsecskip=\skip72
\subsubsecindent=\skip73
\beforesubsubsecskip=\skip74
\aftersubsubsecskip=\skip75
\paraindent=\skip76
\beforeparaskip=\skip77
\afterparaskip=\skip78
\subparaindent=\skip79
\beforesubparaskip=\skip80
\aftersubparaskip=\skip81
\pfbreakskip=\skip82
\c@@ppsavesec=\count91
\c@@ppsaveapp=\count92
\ragrparindent=\dimen103
\everylistparindent=\dimen104
\parsepi=\skip83
\topsepi=\skip84
\itemsepi=\skip85
\parsepii=\skip86
\topsepii=\skip87
\topsepiii=\skip88
\itemsepii=\skip89
\itemsepiii=\skip90
\partopsepii=\skip91
\partopsepiii=\skip92
\m@msavetopsep=\skip93
\m@msavepartopsep=\skip94
\@enLab=\toks14
\abstitleskip=\skip95
\absleftindent=\skip96
\abs@leftindent=\dimen105
\absrightindent=\skip97
\absparindent=\skip98
\absparsep=\skip99
\c@vslineno=\count93
\c@poemline=\count94
\c@modulo@vs=\count95
\c@memfvsline=\count96
\vleftskip=\skip100
\vrightskip=\skip101
\stanzaskip=\skip102
\versewidth=\skip103
\vgap=\skip104
\vindent=\skip105
\vleftmargin=\dimen106
\c@verse=\count97
\c@chrsinstr=\count98
\beforepoemtitleskip=\skip106
\afterpoemtitleskip=\skip107
\c@poem=\count99
\beforePoemTitleskip=\skip108
\midPoemTitleskip=\skip109
\afterPoemTitleskip=\skip110

("C:\Users\MS02\AppData\Local\Programs\MiKTeX 2.9\tex/latex/tools\array.sty"
Package: array 2018/11/13 v2.4j Tabular extension package (FMi)
\col@sep=\dimen107
\ar@mcellbox=\box27
\extrarowheight=\dimen108
\NC@list=\toks15
\extratabsurround=\skip111
\backup@length=\skip112
\ar@cellbox=\box28
)
("C:\Users\MS02\AppData\Local\Programs\MiKTeX 2.9\tex/latex/tools\dcolumn.sty"
Package: dcolumn 2014/10/28 v1.06 decimal alignment package (DPC)
) ("C:\Users\MS02\AppData\Local\Programs\MiKTeX 2.9\tex/latex/tools\delarray.st
y"
Package: delarray 2014/10/28 v1.01 array delimiter package (DPC)
)
("C:\Users\MS02\AppData\Local\Programs\MiKTeX 2.9\tex/latex/tools\tabularx.sty"
Package: tabularx 2016/02/03 v2.11b `tabularx' package (DPC)
\TX@col@width=\dimen109
\TX@old@table=\dimen110
\TX@old@col=\dimen111
\TX@target=\dimen112
\TX@delta=\dimen113
\TX@cols=\count100
\TX@ftn=\toks16
)
\heavyrulewidth=\dimen114
\lightrulewidth=\dimen115
\cmidrulewidth=\dimen116
\belowrulesep=\dimen117
\belowbottomsep=\dimen118
\aboverulesep=\dimen119
\abovetopsep=\dimen120
\cmidrulesep=\dimen121
\cmidrulekern=\dimen122
\defaultaddspace=\dimen123
\@cmidla=\count101
\@cmidlb=\count102
\@aboverulesep=\dimen124
\@belowrulesep=\dimen125
\@thisruleclass=\count103
\@lastruleclass=\count104
\@thisrulewidth=\dimen126
\ctableftskip=\skip113
\ctabrightskip=\skip114
\abovecolumnspenalty=\count105
\@linestogo=\count106
\@cellstogo=\count107
\@cellsincolumn=\count108
\crtok=\toks17
\@mincolumnwidth=\dimen127
\c@newflo@tctr=\count109
\mem@margin@floatbox=\box29
\@contcwidth=\skip115
\@contindw=\skip116
\abovecaptionskip=\skip117
\belowcaptionskip=\skip118
\subfloattopskip=\skip119
\subfloatcapskip=\skip120
\subfloatcaptopadj=\skip121
\subfloatbottomskip=\skip122
\subfloatlabelskip=\skip123
\subfloatcapmargin=\dimen128
\c@@contsubnum=\count110
\m@mscap@capbox=\box30
\m@mscap@fbox=\box31
\sidecapsep=\dimen129
\sidecapwidth=\dimen130
\m@m@tempdima=\dimen131
\m@mscapraise=\dimen132
\sidecapraise=\dimen133
\m@mscapmainwidth=\dimen134
\m@mscaplkern=\dimen135
\beforeepigraphskip=\skip124
\afterepigraphskip=\skip125
\epigraphwidth=\skip126
\epigraphrule=\skip127
LaTeX Info: Redefining \em on input line 7592.
LaTeX Info: Redefining \emph on input line 7600.
\tocentryskip=\skip128
\tocbaseline=\skip129
\cftparskip=\skip130
\cftbeforebookskip=\skip131
\cftbookindent=\dimen136
\cftbooknumwidth=\dimen137
\cftbeforepartskip=\skip132
\cftpartindent=\skip133
\cftpartnumwidth=\skip134
\cftbeforechapterskip=\skip135
\cftchapterindent=\skip136
\cftchapternumwidth=\skip137
\cftbeforesectionskip=\skip138
\cftsectionindent=\skip139
\cftsectionnumwidth=\skip140
\cftbeforesubsectionskip=\skip141
\cftsubsectionindent=\skip142
\cftsubsectionnumwidth=\skip143
\cftbeforesubsubsectionskip=\skip144
\cftsubsubsectionindent=\skip145
\cftsubsubsectionnumwidth=\skip146
\cftbeforeparagraphskip=\skip147
\cftparagraphindent=\skip148
\cftparagraphnumwidth=\skip149
\cftbeforesubparagraphskip=\skip150
\cftsubparagraphindent=\skip151
\cftsubparagraphnumwidth=\skip152
\prechapterprecisshift=\dimen138
\c@maxsecnumdepth=\count111
\bibindent=\dimen139
\bibitemsep=\skip153
\indexcolsep=\skip154
\indexrule=\skip155
\indexmarkstyle=\toks18
\@indexbox=\insert199
\glossarycolsep=\dimen140
\glossaryrule=\dimen141
\sideparvshift=\skip156
\sideins=\insert198
\sidebartopsep=\skip157
\sidebarhsep=\skip158
\sidebarvsep=\skip159
\sidebarwidth=\skip160
\footmarkwidth=\skip161
\footmarksep=\skip162
\footparindent=\skip163
\footinsdim=\skip164
\footinsv@r=\insert197
\@mpfootinsv@r=\insert196
\m@m@k=\count112
\m@m@h=\dimen142
\m@mipn@skip=\skip165
\sidefootins=\insert195
\sidefootadjust=\skip166
\sidefootheight=\skip167
\sidefoothsep=\skip168
\sidefootvsep=\skip169
\sidefootwidth=\skip170
\m@mdownsf=\skip171
\c@sidefootnote=\count113
\sidefootmarkwidth=\skip172
\sidefootmarksep=\skip173
\sidefootparindent=\skip174
\c@pagenote=\count114
\c@pagenoteshadow=\count115
\mem@pn@lastkern=\skip175
\every@verbatim=\toks19
\afterevery@verbatim=\toks20
\verbatim@line=\toks21
\tab@position=\count116
\verbatim@in@stream=\read1
\verbatimindent=\skip176
\verbatim@out=\write3
\bvboxsep=\skip177
\c@memfbvline=\count117
\c@bvlinectr=\count118
\bvnumlength=\skip178
\fb@frw=\dimen143
\fb@frh=\dimen144
\FrameRule=\dimen145
\FrameSep=\dimen146
\c@cp@cntr=\count119
LaTeX Info: Redefining \: on input line 12114.
LaTeX Info: Redefining \! on input line 12116.
\c@ism@mctr=\count120
\c@xsm@mctr=\count121
\c@csm@mctr=\count122
\c@ksm@mctr=\count123
\c@xksm@mctr=\count124
\c@cksm@mctr=\count125
\c@msm@mctr=\count126
\c@xmsm@mctr=\count127
\c@cmsm@mctr=\count128
\c@bsm@mctr=\count129
\c@workm@mctr=\count130
\c@sheetsequence=\count131
\c@lastsheet=\count132
\c@lastpage=\count133
\c@figure=\count134
\c@lofdepth=\count135
\cftbeforefigureskip=\skip179
\cftfigureindent=\skip180
\cftfigurenumwidth=\skip181
\c@table=\count136
\c@lotdepth=\count137
\cftbeforetableskip=\skip182
\cfttableindent=\skip183
\cfttablenumwidth=\skip184
Package abstract [2008/07/23] emulated by memoir.
Package appendix [2008/07/23] emulated by memoir.
Package booktabs [2016/05/16] emulated by memoir.
Package ccaption [2008/07/23] emulated by memoir.
Package changepage [2008/07/23] emulated by memoir.
Package chngcntr [2008/07/23] emulated by memoir.
Package chngpage [2008/07/23] emulated by memoir.
Package crop emulated by memoir.
Package enumerate [2008/07/23] emulated by memoir.
Package epigraph [2008/07/23] emulated by memoir.
Package ifmtarg [2008/07/23] emulated by memoir.
Package index [2008/07/23] emulated by memoir.
Package makeidx [2008/07/23] emulated by memoir.
Package moreverb [2008/07/23] emulated by memoir.
Package mparhack [2008/07/23] emulated by memoir.
Package needspace [2008/07/23] emulated by memoir.
Package newfile [2008/07/23] emulated by memoir.
Package nextpage [2008/07/23] emulated by memoir.
Package pagenote [2008/07/23] emulated by memoir.
Package parskip [2008/07/23] emulated by memoir.
Package patchcmd [2008/07/23] emulated by memoir.
Package setspace [2008/07/23] emulated by memoir.
Package shortvrb [2008/07/23] emulated by memoir.
Package showidx [2008/07/23] emulated by memoir.
Package titleref [2008/07/23] emulated by memoir.
Package titling [2008/07/23] emulated by memoir.
Package tocbibind [2008/07/23] emulated by memoir.
Package tocloft [2008/07/23] emulated by memoir.
Package tocvsec2 [2008/07/23] emulated by memoir.
Package verbatim [2008/07/23] emulated by memoir.
Package verse [2008/07/23] emulated by memoir.
) ("C:\Users\MS02\AppData\Local\Programs\MiKTeX 2.9\tex/generic/babel\babel.sty
"
Package: babel 2018/11/13 3.27 The Babel package

("C:\Users\MS02\AppData\Local\Programs\MiKTeX 2.9\tex/generic/babel\switch.def"
File: switch.def 2018/11/13 3.27 Babel switching mechanism
)
*************************************
* Local config file bblopts.cfg used
*
("C:\Users\MS02\AppData\Local\Programs\MiKTeX 2.9\tex/latex/arabi\bblopts.cfg"
File: bblopts.cfg 2005/09/08 v0.1 add Arabic and Farsi to "declared" options of
 babel
)
("C:\Users\MS02\AppData\Local\Programs\MiKTeX 2.9\tex/latex/babel-spanish\spani
sh.ldf"
Language: spanish.ldf 2016/03/03 v5.0p Spanish support from the babel system

("C:\Users\MS02\AppData\Local\Programs\MiKTeX 2.9\tex/generic/babel\babel.def"
File: babel.def 2018/11/13 3.27 Babel common definitions
\babel@savecnt=\count138
\U@D=\dimen147

("C:\Users\MS02\AppData\Local\Programs\MiKTeX 2.9\tex/generic/babel\txtbabel.de
f")
\bbl@dirlevel=\count139
)
\es@quottoks=\toks22
\es@quotdepth=\count140
Package babel Info: Making " an active character on input line 561.
Package babel Info: Making . an active character on input line 662.
Package babel Info: Making < an active character on input line 707.
Package babel Info: Making > an active character on input line 707.
))
LaTeX Info: Redefining \. on input line 5.
LaTeX Info: Redefining \% on input line 5.

("C:\Users\MS02\AppData\Local\Programs\MiKTeX 2.9\tex/latex/base\inputenc.sty"
Package: inputenc 2018/08/11 v1.3c Input encoding file
\inpenc@prehook=\toks23
\inpenc@posthook=\toks24
) ("C:\Users\MS02\AppData\Local\Programs\MiKTeX 2.9\tex/latex/base\fontenc.sty"
Package: fontenc 2018/08/11 v2.0j Standard LaTeX package

("C:\Users\MS02\AppData\Local\Programs\MiKTeX 2.9\tex/latex/base\t1enc.def"
File: t1enc.def 2018/08/11 v2.0j Standard LaTeX file
LaTeX Font Info:    Redeclaring font encoding T1 on input line 48.
))
("C:\Users\MS02\AppData\Local\Programs\MiKTeX 2.9\tex/latex/lm\lmodern.sty"
Package: lmodern 2009/10/30 v1.6 Latin Modern Fonts
LaTeX Font Info:    Overwriting symbol font `operators' in version `normal'
(Font)                  OT1/cmr/m/n --> OT1/lmr/m/n on input line 22.
LaTeX Font Info:    Overwriting symbol font `letters' in version `normal'
(Font)                  OML/cmm/m/it --> OML/lmm/m/it on input line 23.
LaTeX Font Info:    Overwriting symbol font `symbols' in version `normal'
(Font)                  OMS/cmsy/m/n --> OMS/lmsy/m/n on input line 24.
LaTeX Font Info:    Overwriting symbol font `largesymbols' in version `normal'
(Font)                  OMX/cmex/m/n --> OMX/lmex/m/n on input line 25.
LaTeX Font Info:    Overwriting symbol font `operators' in version `bold'
(Font)                  OT1/cmr/bx/n --> OT1/lmr/bx/n on input line 26.
LaTeX Font Info:    Overwriting symbol font `letters' in version `bold'
(Font)                  OML/cmm/b/it --> OML/lmm/b/it on input line 27.
LaTeX Font Info:    Overwriting symbol font `symbols' in version `bold'
(Font)                  OMS/cmsy/b/n --> OMS/lmsy/b/n on input line 28.
LaTeX Font Info:    Overwriting symbol font `largesymbols' in version `bold'
(Font)                  OMX/cmex/m/n --> OMX/lmex/m/n on input line 29.
LaTeX Font Info:    Overwriting math alphabet `\mathbf' in version `normal'
(Font)                  OT1/cmr/bx/n --> OT1/lmr/bx/n on input line 31.
LaTeX Font Info:    Overwriting math alphabet `\mathsf' in version `normal'
(Font)                  OT1/cmss/m/n --> OT1/lmss/m/n on input line 32.
LaTeX Font Info:    Overwriting math alphabet `\mathit' in version `normal'
(Font)                  OT1/cmr/m/it --> OT1/lmr/m/it on input line 33.
LaTeX Font Info:    Overwriting math alphabet `\mathtt' in version `normal'
(Font)                  OT1/cmtt/m/n --> OT1/lmtt/m/n on input line 34.
LaTeX Font Info:    Overwriting math alphabet `\mathbf' in version `bold'
(Font)                  OT1/cmr/bx/n --> OT1/lmr/bx/n on input line 35.
LaTeX Font Info:    Overwriting math alphabet `\mathsf' in version `bold'
(Font)                  OT1/cmss/bx/n --> OT1/lmss/bx/n on input line 36.
LaTeX Font Info:    Overwriting math alphabet `\mathit' in version `bold'
(Font)                  OT1/cmr/bx/it --> OT1/lmr/bx/it on input line 37.
LaTeX Font Info:    Overwriting math alphabet `\mathtt' in version `bold'
(Font)                  OT1/cmtt/m/n --> OT1/lmtt/m/n on input line 38.
)
("C:\Users\MS02\AppData\Local\Programs\MiKTeX 2.9\tex/latex/microtype\microtype
.sty"
Package: microtype 2018/01/14 v2.7a Micro-typographical refinements (RS)

("C:\Users\MS02\AppData\Local\Programs\MiKTeX 2.9\tex/latex/graphics\keyval.sty
"
Package: keyval 2014/10/28 v1.15 key=value parser (DPC)
\KV@toks@=\toks25
)
\MT@toks=\toks26
\MT@count=\count141
LaTeX Info: Redefining \textls on input line 793.
\MT@outer@kern=\dimen148
LaTeX Info: Redefining \textmicrotypecontext on input line 1339.
\MT@listname@count=\count142

("C:\Users\MS02\AppData\Local\Programs\MiKTeX 2.9\tex/latex/microtype\microtype
-pdftex.def"
File: microtype-pdftex.def 2018/01/14 v2.7a Definitions specific to pdftex (RS)

LaTeX Info: Redefining \lsstyle on input line 913.
LaTeX Info: Redefining \lslig on input line 913.
\MT@outer@space=\skip185
)
Package microtype Info: Loading configuration file microtype.cfg.

("C:\Users\MS02\AppData\Local\Programs\MiKTeX 2.9\tex/latex/microtype\microtype
.cfg"
File: microtype.cfg 2018/01/14 v2.7a microtype main configuration file (RS)
))
("C:\Users\MS02\AppData\Local\Programs\MiKTeX 2.9\tex/latex/placeins\placeins.s
ty"
Package: placeins 2005/04/18  v 2.2
)
("C:\Users\MS02\AppData\Local\Programs\MiKTeX 2.9\tex/latex/natbib\natbib.sty"
Package: natbib 2010/09/13 8.31b (PWD, AO)
\bibhang=\skip186
\bibsep=\skip187
LaTeX Info: Redefining \cite on input line 694.
\c@NAT@ctr=\count143
) ("C:\Users\MS02\AppData\Local\Programs\MiKTeX 2.9\tex/latex/xcolor\xcolor.sty
"
Package: xcolor 2016/05/11 v2.12 LaTeX color extensions (UK)

("C:\Users\MS02\AppData\Local\Programs\MiKTeX 2.9\tex/latex/graphics-cfg\color.
cfg"
File: color.cfg 2016/01/02 v1.6 sample color configuration
)
Package xcolor Info: Driver file: pdftex.def on input line 225.

("C:\Users\MS02\AppData\Local\Programs\MiKTeX 2.9\tex/latex/graphics-def\pdftex
.def"
File: pdftex.def 2018/01/08 v1.0l Graphics/color driver for pdftex
)
("C:\Users\MS02\AppData\Local\Programs\MiKTeX 2.9\tex/latex/colortbl\colortbl.s
ty"
Package: colortbl 2018/12/12 v1.0d Color table columns (DPC)
\everycr=\toks27
\minrowclearance=\skip188
)
\rownum=\count144
Package xcolor Info: Model `cmy' substituted by `cmy0' on input line 1348.
Package xcolor Info: Model `hsb' substituted by `rgb' on input line 1352.
Package xcolor Info: Model `RGB' extended on input line 1364.
Package xcolor Info: Model `HTML' substituted by `rgb' on input line 1366.
Package xcolor Info: Model `Hsb' substituted by `hsb' on input line 1367.
Package xcolor Info: Model `tHsb' substituted by `hsb' on input line 1368.
Package xcolor Info: Model `HSB' substituted by `hsb' on input line 1369.
Package xcolor Info: Model `Gray' substituted by `gray' on input line 1370.
Package xcolor Info: Model `wave' substituted by `hsb' on input line 1371.
) ("C:\Users\MS02\AppData\Local\Programs\MiKTeX 2.9\tex/latex/xtab\xtab.sty"
Package: xtab 2011/07/31 v2.3f Extended supertabular package
\c@tracingst=\count145
\PWSTcapht=\dimen149
\ST@wd=\dimen150
\ST@rightskip=\skip189
\ST@leftskip=\skip190
\ST@parfillskip=\skip191
\c@PWSTtable=\count146
\PWSTlastpage=\count147
\PWSTpenultimate=\count148
\PWSTcurpage=\count149
\PWSTtempc=\count150
\PWSTlines=\count151
\PWST@lastht=\dimen151
\PWST@generalht=\dimen152
\PWST@ht=\dimen153
\ST@pageleft=\dimen154
\ST@headht=\dimen155
\ST@tailht=\dimen156
\ST@pagesofar=\dimen157
\ST@pboxht=\dimen158
\ST@lineht=\dimen159
\ST@stretchht=\dimen160
\ST@prevht=\dimen161
\ST@toadd=\dimen162
\ST@dimen=\dimen163
\ST@pbox=\box32
)
("C:\Users\MS02\AppData\Local\Programs\MiKTeX 2.9\tex/latex/multirow\multirow.s
ty"
Package: multirow 2019/01/01 v2.4 Span multiple rows of a table
\multirow@colwidth=\skip192
\multirow@cntb=\count152
\multirow@dima=\skip193
\bigstrutjot=\dimen164
)
("C:\Users\MS02\AppData\Local\Programs\MiKTeX 2.9\tex/latex/hyperref\hyperref.s
ty"
Package: hyperref 2018/11/30 v6.88e Hypertext links for LaTeX

("C:\Users\MS02\AppData\Local\Programs\MiKTeX 2.9\tex/generic/oberdiek\hobsub-h
yperref.sty"
Package: hobsub-hyperref 2016/05/16 v1.14 Bundle oberdiek, subset hyperref (HO)


("C:\Users\MS02\AppData\Local\Programs\MiKTeX 2.9\tex/generic/oberdiek\hobsub-g
eneric.sty"
Package: hobsub-generic 2016/05/16 v1.14 Bundle oberdiek, subset generic (HO)
Package: hobsub 2016/05/16 v1.14 Construct package bundles (HO)
Package: infwarerr 2016/05/16 v1.4 Providing info/warning/error messages (HO)
Package: ltxcmds 2016/05/16 v1.23 LaTeX kernel commands for general use (HO)
Package hobsub Info: Skipping package `ifluatex' (already loaded).
Package: ifvtex 2016/05/16 v1.6 Detect VTeX and its facilities (HO)
Package ifvtex Info: VTeX not detected.
Package: intcalc 2016/05/16 v1.2 Expandable calculations with integers (HO)
Package hobsub Info: Skipping package `ifpdf' (already loaded).
Package: etexcmds 2016/05/16 v1.6 Avoid name clashes with e-TeX commands (HO)
Package: kvsetkeys 2016/05/16 v1.17 Key value parser (HO)
Package: kvdefinekeys 2016/05/16 v1.4 Define keys (HO)
Package: pdftexcmds 2018/09/10 v0.29 Utility functions of pdfTeX for LuaTeX (HO
)
Package pdftexcmds Info: LuaTeX not detected.
Package pdftexcmds Info: \pdf@primitive is available.
Package pdftexcmds Info: \pdf@ifprimitive is available.
Package pdftexcmds Info: \pdfdraftmode found.
Package: pdfescape 2016/05/16 v1.14 Implements pdfTeX's escape features (HO)
Package: bigintcalc 2016/05/16 v1.4 Expandable calculations on big integers (HO
)
Package: bitset 2016/05/16 v1.2 Handle bit-vector datatype (HO)
Package: uniquecounter 2016/05/16 v1.3 Provide unlimited unique counter (HO)
)
Package hobsub Info: Skipping package `hobsub' (already loaded).
Package: letltxmacro 2016/05/16 v1.5 Let assignment for LaTeX macros (HO)
Package: hopatch 2016/05/16 v1.3 Wrapper for package hooks (HO)
Package: xcolor-patch 2016/05/16 xcolor patch
Package: atveryend 2016/05/16 v1.9 Hooks at the very end of document (HO)
Package atveryend Info: \enddocument detected (standard20110627).
Package: atbegshi 2016/06/09 v1.18 At begin shipout hook (HO)
Package: refcount 2016/05/16 v3.5 Data extraction from label references (HO)
Package: hycolor 2016/05/16 v1.8 Color options for hyperref/bookmark (HO)
)
("C:\Users\MS02\AppData\Local\Programs\MiKTeX 2.9\tex/latex/oberdiek\auxhook.st
y"
Package: auxhook 2016/05/16 v1.4 Hooks for auxiliary files (HO)
)
("C:\Users\MS02\AppData\Local\Programs\MiKTeX 2.9\tex/latex/oberdiek\kvoptions.
sty"
Package: kvoptions 2016/05/16 v3.12 Key value format for package options (HO)
)
\@linkdim=\dimen165
\Hy@linkcounter=\count153
\Hy@pagecounter=\count154

("C:\Users\MS02\AppData\Local\Programs\MiKTeX 2.9\tex/latex/hyperref\pd1enc.def
"
File: pd1enc.def 2018/11/30 v6.88e Hyperref: PDFDocEncoding definition (HO)
Now handling font encoding PD1 ...
... no UTF-8 mapping file for font encoding PD1
)
\Hy@SavedSpaceFactor=\count155

("C:\Users\MS02\AppData\Local\Programs\MiKTeX 2.9\tex/latex/00miktex\hyperref.c
fg"
File: hyperref.cfg 2002/06/06 v1.2 hyperref configuration of TeXLive
)
Package hyperref Info: Option `colorlinks' set `true' on input line 4393.
Package hyperref Info: Hyper figures OFF on input line 4519.
Package hyperref Info: Link nesting OFF on input line 4524.
Package hyperref Info: Hyper index ON on input line 4527.
Package hyperref Info: Plain pages OFF on input line 4534.
Package hyperref Info: Backreferencing OFF on input line 4539.
Package hyperref Info: Implicit mode ON; LaTeX internals redefined.
Package hyperref Info: Bookmarks ON on input line 4772.
\c@Hy@tempcnt=\count156
 ("C:\Users\MS02\AppData\Local\Programs\MiKTeX 2.9\tex/latex/url\url.sty"
\Urlmuskip=\muskip10
Package: url 2013/09/16  ver 3.4  Verb mode for urls, etc.
)
LaTeX Info: Redefining \url on input line 5125.
\XeTeXLinkMargin=\dimen166
\Fld@menulength=\count157
\Field@Width=\dimen167
\Fld@charsize=\dimen168
Package hyperref Info: Hyper figures OFF on input line 6380.
Package hyperref Info: Link nesting OFF on input line 6385.
Package hyperref Info: Hyper index ON on input line 6388.
Package hyperref Info: backreferencing OFF on input line 6395.
Package hyperref Info: Link coloring ON on input line 6398.
Package hyperref Info: Link coloring with OCG OFF on input line 6405.
Package hyperref Info: PDF/A mode OFF on input line 6410.
LaTeX Info: Redefining \ref on input line 6450.
LaTeX Info: Redefining \pageref on input line 6454.
\Hy@abspage=\count158
\c@Item=\count159
\c@Hfootnote=\count160
) ("C:\Users\MS02\AppData\Local\Programs\MiKTeX 2.9\tex/latex/memoir\memhfixc.s
ty"
Package: memhfixc 2013/05/30 v1.17 nameref/hyperref package fixes for memoir cl
ass
\c@memhycontfloat=\count161
\c@Hpagenote=\count162
)
Package hyperref Info: Driver (autodetected): hpdftex.

("C:\Users\MS02\AppData\Local\Programs\MiKTeX 2.9\tex/latex/hyperref\hpdftex.de
f"
File: hpdftex.def 2018/11/30 v6.88e Hyperref driver for pdfTeX
\Fld@listcount=\count163
\c@bookmark@seq@number=\count164

("C:\Users\MS02\AppData\Local\Programs\MiKTeX 2.9\tex/latex/oberdiek\rerunfilec
heck.sty"
Package: rerunfilecheck 2016/05/16 v1.8 Rerun checks for auxiliary files (HO)
Package uniquecounter Info: New unique counter `rerunfilecheck' on input line 2
82.
)
\Hy@SectionHShift=\skip194
)
("C:\Users\MS02\AppData\Local\Programs\MiKTeX 2.9\tex/latex/amsmath\amsmath.sty
"
Package: amsmath 2018/12/01 v2.17b AMS math features
\@mathmargin=\skip256

For additional information on amsmath, use the `?' option.
("C:\Users\MS02\AppData\Local\Programs\MiKTeX 2.9\tex/latex/amsmath\amstext.sty
"
Package: amstext 2000/06/29 v2.01 AMS text
 ("C:\Users\MS02\AppData\Local\Programs\MiKTeX 2.9\tex/latex/amsmath\amsgen.sty
"
File: amsgen.sty 1999/11/30 v2.0 generic functions
\@emptytoks=\toks28
\ex@=\dimen169
))
("C:\Users\MS02\AppData\Local\Programs\MiKTeX 2.9\tex/latex/amsmath\amsbsy.sty"
Package: amsbsy 1999/11/29 v1.2d Bold Symbols
\pmbraise@=\dimen170
) ("C:\Users\MS02\AppData\Local\Programs\MiKTeX 2.9\tex/latex/amsmath\amsopn.st
y"
Package: amsopn 2016/03/08 v2.02 operator names
)
\inf@bad=\count165
LaTeX Info: Redefining \frac on input line 223.
\uproot@=\count166
\leftroot@=\count167
LaTeX Info: Redefining \overline on input line 385.
\classnum@=\count168
\DOTSCASE@=\count169
LaTeX Info: Redefining \ldots on input line 482.
LaTeX Info: Redefining \dots on input line 485.
LaTeX Info: Redefining \cdots on input line 606.
\Mathstrutbox@=\box33
\strutbox@=\box34
\big@size=\dimen171
LaTeX Font Info:    Redeclaring font encoding OML on input line 729.
LaTeX Font Info:    Redeclaring font encoding OMS on input line 730.
\macc@depth=\count170
\c@MaxMatrixCols=\count171
\dotsspace@=\muskip11
\c@parentequation=\count172
\dspbrk@lvl=\count173
\tag@help=\toks29
\row@=\count174
\column@=\count175
\maxfields@=\count176
\andhelp@=\toks30
\eqnshift@=\dimen172
\alignsep@=\dimen173
\tagshift@=\dimen174
\tagwidth@=\dimen175
\totwidth@=\dimen176
\lineht@=\dimen177
\@envbody=\toks31
\multlinegap=\skip257
\multlinetaggap=\skip258
\mathdisplay@stack=\toks32
LaTeX Info: Redefining \[ on input line 2844.
LaTeX Info: Redefining \] on input line 2845.
)
("C:\Users\MS02\AppData\Local\Programs\MiKTeX 2.9\tex/latex/graphics\graphicx.s
ty"
Package: graphicx 2017/06/01 v1.1a Enhanced LaTeX Graphics (DPC,SPQR)

("C:\Users\MS02\AppData\Local\Programs\MiKTeX 2.9\tex/latex/graphics\graphics.s
ty"
Package: graphics 2017/06/25 v1.2c Standard LaTeX Graphics (DPC,SPQR)

("C:\Users\MS02\AppData\Local\Programs\MiKTeX 2.9\tex/latex/graphics\trig.sty"
Package: trig 2016/01/03 v1.10 sin cos tan (DPC)
)
("C:\Users\MS02\AppData\Local\Programs\MiKTeX 2.9\tex/latex/graphics-cfg\graphi
cs.cfg"
File: graphics.cfg 2016/06/04 v1.11 sample graphics configuration
)
Package graphics Info: Driver file: pdftex.def on input line 99.
)
\Gin@req@height=\dimen178
\Gin@req@width=\dimen179
) (memoria.aux
LaTeX Info: Redefining \. on input line 24.
LaTeX Info: Redefining \% on input line 24.
LaTeX Info: Redefining \. on input line 25.
LaTeX Info: Redefining \% on input line 25.
 (tex/1_Introduccion.aux)
(tex/2_Objetivos_del_proyecto.aux) (tex/3_Conceptos_teoricos.aux)
(tex/4_Tecnicas_y_herramientas.aux

LaTeX Warning: Label `bus_can' multiply defined.

) (tex/5_Aspectos_relevantes_del_desarrollo_del_proyecto.aux

LaTeX Warning: Label `metodologias' multiply defined.


LaTeX Warning: Label `desarrollo_del_hardware' multiply defined.

) (tex/6_Trabajos_relacionados.aux)
(tex/7_Conclusiones_Lineas_de_trabajo_futuras.aux))
\openout1 = `memoria.aux'.

LaTeX Font Info:    Checking defaults for OML/cmm/m/it on input line 365.
LaTeX Font Info:    ... okay on input line 365.
LaTeX Font Info:    Checking defaults for T1/cmr/m/n on input line 365.
LaTeX Font Info:    ... okay on input line 365.
LaTeX Font Info:    Checking defaults for OT1/cmr/m/n on input line 365.
LaTeX Font Info:    ... okay on input line 365.
LaTeX Font Info:    Checking defaults for OMS/cmsy/m/n on input line 365.
LaTeX Font Info:    ... okay on input line 365.
LaTeX Font Info:    Checking defaults for OMX/cmex/m/n on input line 365.
LaTeX Font Info:    ... okay on input line 365.
LaTeX Font Info:    Checking defaults for U/cmr/m/n on input line 365.
LaTeX Font Info:    ... okay on input line 365.
LaTeX Font Info:    Checking defaults for PD1/pdf/m/n on input line 365.
LaTeX Font Info:    ... okay on input line 365.
LaTeX Font Info:    Try loading font information for T1+lmr on input line 365.

("C:\Users\MS02\AppData\Local\Programs\MiKTeX 2.9\tex/latex/lm\t1lmr.fd"
File: t1lmr.fd 2009/10/30 v1.6 Font defs for Latin Modern
)
LaTeX Info: Redefining \. on input line 365.
LaTeX Info: Redefining \% on input line 365.
LaTeX Info: Redefining \microtypecontext on input line 365.
Package microtype Info: Generating PDF output.
Package microtype Info: Character protrusion enabled (level 2).
Package microtype Info: Using default protrusion set `alltext'.
Package microtype Info: Automatic font expansion enabled (level 2),
(microtype)             stretch: 20, shrink: 20, step: 1, non-selected.
Package microtype Info: Using default expansion set `basictext'.
Package microtype Info: No adjustment of tracking.
Package microtype Info: No adjustment of interword spacing.
Package microtype Info: No adjustment of character kerning.

("C:\Users\MS02\AppData\Local\Programs\MiKTeX 2.9\tex/latex/microtype\mt-cmr.cf
g"
File: mt-cmr.cfg 2013/05/19 v2.2 microtype config. file: Computer Modern Roman 
(RS)
)
("C:\Users\MS02\AppData\Local\Programs\MiKTeX 2.9\tex/context/base\supp-pdf.mki
i"
[Loading MPS to PDF converter (version 2006.09.02).]
\scratchcounter=\count177
\scratchdimen=\dimen180
\scratchbox=\box35
\nofMPsegments=\count178
\nofMParguments=\count179
\everyMPshowfont=\toks33
\MPscratchCnt=\count180
\MPscratchDim=\dimen181
\MPnumerator=\count181
\makeMPintoPDFobject=\count182
\everyMPtoPDFconversion=\toks34
)
("C:\Users\MS02\AppData\Local\Programs\MiKTeX 2.9\tex/latex/oberdiek\epstopdf-b
ase.sty"
Package: epstopdf-base 2016/05/15 v2.6 Base part for package epstopdf

("C:\Users\MS02\AppData\Local\Programs\MiKTeX 2.9\tex/latex/oberdiek\grfext.sty
"
Package: grfext 2016/05/16 v1.2 Manage graphics extensions (HO)
)
Package epstopdf-base Info: Redefining graphics rule for `.eps' on input line 4
38.
Package grfext Info: Graphics extension search list:
(grfext)             [.pdf,.png,.jpg,.mps,.jpeg,.jbig2,.jb2,.PDF,.PNG,.JPG,.JPE
G,.JBIG2,.JB2,.eps]
(grfext)             \AppendGraphicsExtensions on input line 456.
)
\AtBeginShipoutBox=\box36
Package hyperref Info: Link coloring ON on input line 365.

("C:\Users\MS02\AppData\Local\Programs\MiKTeX 2.9\tex/latex/hyperref\nameref.st
y"
Package: nameref 2016/05/21 v2.44 Cross-referencing by name of section

("C:\Users\MS02\AppData\Local\Programs\MiKTeX 2.9\tex/generic/oberdiek\gettitle
string.sty"
Package: gettitlestring 2016/05/16 v1.5 Cleanup title references (HO)
)
\c@section@level=\count183
)
Redoing nameref's sectioning
Redoing nameref's label
LaTeX Info: Redefining \nameref on input line 365.
LaTeX Info: Redefining \ref on input line 365.
LaTeX Info: Redefining \pageref on input line 365.
LaTeX Info: Redefining \nameref on input line 365.
(memoria.out) (memoria.out)
\@outlinefile=\write4
\openout4 = `memoria.out'.

<./img/cabecera.pdf, id=159, 617.67549pt x 135.51413pt>
File: ./img/cabecera.pdf Graphic file (type pdf)
<use ./img/cabecera.pdf>
Package pdftex.def Info: ./img/cabecera.pdf  used on input line 367.
(pdftex.def)             Requested size: 383.0pt x 84.02823pt.
LaTeX Font Info:    Try loading font information for OT1+lmr on input line 367.


("C:\Users\MS02\AppData\Local\Programs\MiKTeX 2.9\tex/latex/lm\ot1lmr.fd"
File: ot1lmr.fd 2009/10/30 v1.6 Font defs for Latin Modern
)
LaTeX Font Info:    Try loading font information for OML+lmm on input line 367.


("C:\Users\MS02\AppData\Local\Programs\MiKTeX 2.9\tex/latex/lm\omllmm.fd"
File: omllmm.fd 2009/10/30 v1.6 Font defs for Latin Modern
)
LaTeX Font Info:    Try loading font information for OMS+lmsy on input line 367
.

("C:\Users\MS02\AppData\Local\Programs\MiKTeX 2.9\tex/latex/lm\omslmsy.fd"
File: omslmsy.fd 2009/10/30 v1.6 Font defs for Latin Modern
)
LaTeX Font Info:    Try loading font information for OMX+lmex on input line 367
.

("C:\Users\MS02\AppData\Local\Programs\MiKTeX 2.9\tex/latex/lm\omxlmex.fd"
File: omxlmex.fd 2009/10/30 v1.6 Font defs for Latin Modern
)
LaTeX Font Info:    External font `lmex10' loaded for size
(Font)              <12> on input line 367.
LaTeX Font Info:    External font `lmex10' loaded for size
(Font)              <8> on input line 367.
LaTeX Font Info:    External font `lmex10' loaded for size
(Font)              <6> on input line 367.
<./img/escudoInfor.pdf, id=160, 618.11432pt x 737.07487pt>
File: ./img/escudoInfor.pdf Graphic file (type pdf)
<use ./img/escudoInfor.pdf>
Package pdftex.def Info: ./img/escudoInfor.pdf  used on input line 367.
(pdftex.def)             Requested size: 76.59883pt x 91.3356pt.

Overfull \hbox (27.54143pt too wide) in paragraph at lines 367--367
[][][][][][][] $[]$ 
 []

[1

{C:/Users/MS02/AppData/Local/MiKTeX/2.9/pdftex/config/pdftex.map} <./img/cabece
ra.pdf> <./img/escudoInfor.pdf

pdfTeX warning: pdflatex.exe (file ./img/escudoInfor.pdf): PDF inclusion: multi
ple pdfs with page group included in a single page
>] [2

] [3]
File: ./img/cabecera.pdf Graphic file (type pdf)
<use ./img/cabecera.pdf>
Package pdftex.def Info: ./img/cabecera.pdf  used on input line 377.
(pdftex.def)             Requested size: 383.0pt x 84.02823pt.
 [4] [5] [6

]
Package microtype Info: Character `029' is missing
(microtype)             in font `T1/lmr/m/sc/12'.
(microtype)             Ignoring protrusion settings for this character.
 [1] [2

]
LaTeX Font Info:    Try loading font information for T1+lmss on input line 468.


("C:\Users\MS02\AppData\Local\Programs\MiKTeX 2.9\tex/latex/lm\t1lmss.fd"
File: t1lmss.fd 2009/10/30 v1.6 Font defs for Latin Modern
)
Package microtype Info: Loading generic protrusion settings for font family
(microtype)             `lmss' (encoding: T1).
(microtype)             For optimal results, create family-specific settings.
(microtype)             See the microtype manual for details.

(memoria.toc
LaTeX Info: Redefining \. on input line 1.
LaTeX Info: Redefining \% on input line 1.
LaTeX Info: Redefining \. on input line 2.
LaTeX Info: Redefining \% on input line 2.


LaTeX Font Warning: Font shape `T1/lmr/bx/sc' undefined
(Font)              using `T1/lmr/bx/n' instead on input line 3.


Package spanish Warning: Replacing `T1/lmr/bx/sc' by 
(spanish)                faked small caps on input line 3.


Package spanish Warning: Replacing `T1/lmr/bx/sc' by 
(spanish)                faked small caps on input line 4.


Package spanish Warning: Replacing `T1/lmr/bx/sc' by 
(spanish)                faked small caps on input line 5.

[3

])
LaTeX Info: Redefining \. on input line 469.
LaTeX Info: Redefining \% on input line 469.


Class memoir Warning: The material used in the headers is too large
(15.35403pt) for the given head height (14.5pt), it is recommended to
either increase the head height or redesign the header
(in both cases you will find help in the memoir manual). on input line 469.


Overfull \vbox (0.85403pt too high) has occurred while \output is active []


[4] (memoria.lof
LaTeX Info: Redefining \. on input line 1.
LaTeX Info: Redefining \% on input line 1.
LaTeX Info: Redefining \. on input line 2.
LaTeX Info: Redefining \% on input line 2.
) [5

] (memoria.lot
LaTeX Info: Redefining \. on input line 1.
LaTeX Info: Redefining \% on input line 1.
LaTeX Info: Redefining \. on input line 2.
LaTeX Info: Redefining \% on input line 2.
) [6

]
\openout2 = `./tex/1_Introduccion.aux'.

 (tex/1_Introduccion.texpdfTeX warning (ext4): destination with the same identi
fier (name{page.1}) has been already used, duplicate ignored
<to be read again> 
                   \relax 
l.17 
      [1




]
LaTeX Info: Redefining \. on input line 74.
LaTeX Info: Redefining \% on input line 74.
pdfTeX warning (ext4): destination with the same identifier (name{page.2}) has 
been already used, duplicate ignored
<to be read again> 
                   \relax 
l.74   R
        epositorio del proyecto: \url{https://github.com/amb0070/CRET/}
[2]
LaTeX Font Info:    Try loading font information for T1+lmtt on input line 74.
 ("C:\Users\MS02\AppData\Local\Programs\MiKTeX 2.9\tex/latex/lm\t1lmtt.fd"
File: t1lmtt.fd 2009/10/30 v1.6 Font defs for Latin Modern
)
Package microtype Info: Loading generic protrusion settings for font family
(microtype)             `lmtt' (encoding: T1).
(microtype)             For optimal results, create family-specific settings.
(microtype)             See the microtype manual for details.
)
LaTeX Info: Redefining \. on input line 479.
LaTeX Info: Redefining \% on input line 479.
pdfTeX warning (ext4): destination with the same identifier (name{page.3}) has 
been already used, duplicate ignored
<to be read again> 
                   \relax 
l.479 \include{./tex/1_Introduccion}
                                     [3]
\openout2 = `./tex/2_Objetivos_del_proyecto.aux'.

 (tex/2_Objetivos_del_proyecto.texpdfTeX warning (ext4): destination with the s
ame identifier (name{page.4}) has been already used, duplicate ignored
<to be read again> 
                   \relax 
l.1 \capitulo{2}{Objetivos del proyecto}
                                         [4



]pdfTeX warning (ext4): destination with the same identifier (name{page.5}) has
 been already used, duplicate ignored
<to be read again> 
                   \relax 
l.41   A
        dquirir conocimiento sobre el funcionamiento del bus CAN en distinto...
[5])
LaTeX Info: Redefining \. on input line 480.
LaTeX Info: Redefining \% on input line 480.
pdfTeX warning (ext4): destination with the same identifier (name{page.6}) has 
been already used, duplicate ignored
<to be read again> 
                   \relax 
l.480 \include{./tex/2_Objetivos_del_proyecto}
                                               [6]
\openout2 = `./tex/3_Conceptos_teoricos.aux'.


(tex/3_Conceptos_teoricos.tex
<./img/canNetwork.png, id=701, 583.42969pt x 278.54062pt>
File: ./img/canNetwork.png Graphic file (type png)
<use ./img/canNetwork.png>
Package pdftex.def Info: ./img/canNetwork.png  used on input line 9.
(pdftex.def)             Requested size: 344.69766pt x 164.57129pt.
 [7



 <./img/canNetwork.png>]
<./img/canbusTopology.png, id=710, 583.42969pt x 278.54062pt>
File: ./img/canbusTopology.png Graphic file (type png)
<use ./img/canbusTopology.png>
Package pdftex.def Info: ./img/canbusTopology.png  used on input line 17.
(pdftex.def)             Requested size: 344.69766pt x 164.57129pt.
<./img/canSignals.png, id=711, 791.95876pt x 278.54062pt>
File: ./img/canSignals.png Graphic file (type png)
<use ./img/canSignals.png>
Package pdftex.def Info: ./img/canSignals.png  used on input line 30.
(pdftex.def)             Requested size: 344.69766pt x 121.23643pt.


LaTeX Warning: `!h' float specifier changed to `!ht'.

LaTeX Info: Redefining \. on input line 30.
LaTeX Info: Redefining \% on input line 30.
[8 <./img/canbusTopology.png>]
<./img/canNode.png, id=719, 583.42969pt x 277.035pt>
File: ./img/canNode.png Graphic file (type png)
<use ./img/canNode.png>
Package pdftex.def Info: ./img/canNode.png  used on input line 34.
(pdftex.def)             Requested size: 344.69766pt x 163.68172pt.
LaTeX Info: Redefining \. on input line 48.
LaTeX Info: Redefining \% on input line 48.
 [9 <./img/canSignals.png> <./img/canNode.png>]
<./img/candump.png, id=727, 583.42969pt x 278.54062pt>
File: ./img/candump.png Graphic file (type png)
<use ./img/candump.png>
Package pdftex.def Info: ./img/candump.png  used on input line 53.
(pdftex.def)             Requested size: 344.69766pt x 164.57129pt.
LaTeX Info: Redefining \. on input line 83.
LaTeX Info: Redefining \% on input line 83.

[10 <./img/candump.png>]
LaTeX Info: Redefining \. on input line 117.
LaTeX Info: Redefining \% on input line 117.
 [11]
<./img/esquema.png, id=739, 602.25pt x 278.54062pt>
File: ./img/esquema.png Graphic file (type png)
<use ./img/esquema.png>
Package pdftex.def Info: ./img/esquema.png  used on input line 123.
(pdftex.def)             Requested size: 344.69766pt x 159.42857pt.
LaTeX Info: Redefining \. on input line 137.
LaTeX Info: Redefining \% on input line 137.
 [12 <./img/esquema.png>]
<./img/pistas.png, id=747, 777.90625pt x 376.40625pt>
File: ./img/pistas.png Graphic file (type png)
<use ./img/pistas.png>
Package pdftex.def Info: ./img/pistas.png  used on input line 142.
(pdftex.def)             Requested size: 344.69766pt x 166.79092pt.
<./img/pad.png, id=748, 93.5046pt x 16.64986pt>
File: ./img/pad.png Graphic file (type png)
<use ./img/pad.png>
Package pdftex.def Info: ./img/pad.png  used on input line 148.
(pdftex.def)             Requested size: 344.69766pt x 61.38112pt.
<./img/via.png, id=749, 186.6975pt x 72.27pt>
File: ./img/via.png Graphic file (type png)
<use ./img/via.png>
Package pdftex.def Info: ./img/via.png  used on input line 154.
(pdftex.def)             Requested size: 344.69766pt x 133.43712pt.


LaTeX Warning: `!h' float specifier changed to `!ht'.

LaTeX Info: Redefining \. on input line 154.
LaTeX Info: Redefining \% on input line 154.
[13 <./img/pistas.png> <./img/pad.png>]
<./img/footprint.png, id=759, 583.42969pt x 278.54062pt>
File: ./img/footprint.png Graphic file (type png)
<use ./img/footprint.png>
Package pdftex.def Info: ./img/footprint.png  used on input line 160.
(pdftex.def)             Requested size: 344.69766pt x 164.57129pt.
LaTeX Info: Redefining \. on input line 171.
LaTeX Info: Redefining \% on input line 171.
 [14 <./img/via.png> <./img/footprint.png>]
<./img/lineChart.png, id=768, 414.04688pt x 258.21469pt>
File: ./img/lineChart.png Graphic file (type png)
<use ./img/lineChart.png>
Package pdftex.def Info: ./img/lineChart.png  used on input line 186.
(pdftex.def)             Requested size: 344.69766pt x 214.97217pt.


LaTeX Warning: `!h' float specifier changed to `!ht'.

LaTeX Info: Redefining \. on input line 186.
LaTeX Info: Redefining \% on input line 186.
[15]
<./img/preloaderArchitecture.png, id=773, 552.0625pt x 488.82625pt>
File: ./img/preloaderArchitecture.png Graphic file (type png)
<use ./img/preloaderArchitecture.png>
Package pdftex.def Info: ./img/preloaderArchitecture.png  used on input line 19
7.
(pdftex.def)             Requested size: 344.69766pt x 305.22475pt.


LaTeX Warning: `!h' float specifier changed to `!ht'.

LaTeX Info: Redefining \. on input line 197.
LaTeX Info: Redefining \% on input line 197.
[16 <./img/lineChart.png>]
<./img/tooltip.png, id=781, 314.67563pt x 90.3375pt>
File: ./img/tooltip.png Graphic file (type png)
<use ./img/tooltip.png>
Package pdftex.def Info: ./img/tooltip.png  used on input line 201.
(pdftex.def)             Requested size: 344.69766pt x 98.96075pt.
)
LaTeX Info: Redefining \. on input line 481.
LaTeX Info: Redefining \% on input line 481.
 [17 <./img/preloaderArchitecture.png> <./img/tooltip.png>]
\openout2 = `./tex/4_Tecnicas_y_herramientas.aux'.

 (tex/4_Tecnicas_y_herramientas.tex [18



] [19]
<./img/modeloMVC.png, id=801, 583.42969pt x 181.42781pt>
File: ./img/modeloMVC.png Graphic file (type png)
<use ./img/modeloMVC.png>
Package pdftex.def Info: ./img/modeloMVC.png  used on input line 32.
(pdftex.def)             Requested size: 344.69766pt x 107.19374pt.
LaTeX Info: Redefining \. on input line 33.
LaTeX Info: Redefining \% on input line 33.
 [20 <./img/modeloMVC.png>]
<./img/arquitectura.png, id=807, 804.75656pt x 450.9347pt>
File: ./img/arquitectura.png Graphic file (type png)
<use ./img/arquitectura.png>
Package pdftex.def Info: ./img/arquitectura.png  used on input line 38.
(pdftex.def)             Requested size: 344.69766pt x 193.14125pt.
LaTeX Info: Redefining \. on input line 55.
LaTeX Info: Redefining \% on input line 55.
[21 <./img/arquitectura.png>]
LaTeX Info: Redefining \. on input line 83.
LaTeX Info: Redefining \% on input line 83.
 [22]
LaTeX Info: Redefining \. on input line 117.
LaTeX Info: Redefining \% on input line 117.

Overfull \vbox (0.85403pt too high) has occurred while \output is active []


[23]
Overfull \hbox (17.975pt too wide) in paragraph at lines 135--136
[][][]$\T1/lmtt/m/n/12 https : / / docs . oracle . com / javase / 8 / javase-[]
clienttechnologies . htm$[][] 
 []

LaTeX Info: Redefining \. on input line 158.
LaTeX Info: Redefining \% on input line 158.
[24]
Overfull \hbox (59.96503pt too wide) in paragraph at lines 161--162
[][][]$\T1/lmtt/m/n/12 https : / / www . ixxat . com / products / products-[]in
dustrial / tools / cananalyser /
 []


Overfull \hbox (14.42624pt too wide) in paragraph at lines 172--174
[]\T1/lmr/m/n/12 (-20) Puede en-con-trar-se en el si-guien-te en-la-ce: [][]$\T
1/lmtt/m/n/12 https : / / github . com / linux-[]can /
 []

)
LaTeX Info: Redefining \. on input line 482.
LaTeX Info: Redefining \% on input line 482.
 [25]
\openout2 = `./tex/5_Aspectos_relevantes_del_desarrollo_del_proyecto.aux'.

 (tex/5_Aspectos_relevantes_del_desarrollo_del_proyecto.tex [26



] [27]
LaTeX Info: Redefining \. on input line 57.
LaTeX Info: Redefining \% on input line 57.

[28]
<./img/scheme.png, id=893, 713.66624pt x 499.11469pt>
File: ./img/scheme.png Graphic file (type png)
<use ./img/scheme.png>
Package pdftex.def Info: ./img/scheme.png  used on input line 82.
(pdftex.def)             Requested size: 344.69766pt x 241.07265pt.


LaTeX Warning: `!h' float specifier changed to `!ht'.

LaTeX Info: Redefining \. on input line 82.
LaTeX Info: Redefining \% on input line 82.
[29]
LaTeX Info: Redefining \. on input line 99.
LaTeX Info: Redefining \% on input line 99.
 [30 <./img/scheme.png>]
<./img/finalFootprint.png, id=907, 642.90187pt x 411.78844pt>
File: ./img/finalFootprint.png Graphic file (type png)
<use ./img/finalFootprint.png>
Package pdftex.def Info: ./img/finalFootprint.png  used on input line 113.
(pdftex.def)             Requested size: 344.69766pt x 220.79158pt.
<./img/fotoPCB.png, id=908, 777.90625pt x 370.38374pt>
File: ./img/fotoPCB.png Graphic file (type png)
<use ./img/fotoPCB.png>
Package pdftex.def Info: ./img/fotoPCB.png  used on input line 116.
(pdftex.def)             Requested size: 344.69766pt x 164.12227pt.


LaTeX Warning: `!h' float specifier changed to `!ht'.

LaTeX Info: Redefining \. on input line 116.
LaTeX Info: Redefining \% on input line 116.
[31 <./img/finalFootprint.png>]
<./img/finishedPCB.png, id=916, 777.90625pt x 371.3875pt>
File: ./img/finishedPCB.png Graphic file (type png)
<use ./img/finishedPCB.png>
Package pdftex.def Info: ./img/finishedPCB.png  used on input line 122.
(pdftex.def)             Requested size: 344.69766pt x 164.56705pt.
<./img/cargaFirmware.png, id=919, 1459.4525pt x 780.9175pt>
File: ./img/cargaFirmware.png Graphic file (type png)
<use ./img/cargaFirmware.png>
Package pdftex.def Info: ./img/cargaFirmware.png  used on input line 130.
(pdftex.def)             Requested size: 344.69766pt x 184.43315pt.


LaTeX Warning: `!h' float specifier changed to `!ht'.

LaTeX Info: Redefining \. on input line 130.
LaTeX Info: Redefining \% on input line 130.
[32 <./img/fotoPCB.png> <./img/finishedPCB.png>]
LaTeX Info: Redefining \. on input line 148.
LaTeX Info: Redefining \% on input line 148.
 [33 <./img/cargaFirmware.png>]
Underfull \vbox (badness 2790) has occurred while \output is active []

LaTeX Info: Redefining \. on input line 167.
LaTeX Info: Redefining \% on input line 167.
 [34]
<./img/hardwareRedCan.png, id=944, 777.90625pt x 371.3875pt>
File: ./img/hardwareRedCan.png Graphic file (type png)
<use ./img/hardwareRedCan.png>
Package pdftex.def Info: ./img/hardwareRedCan.png  used on input line 189.
(pdftex.def)             Requested size: 344.69766pt x 164.56705pt.


LaTeX Warning: `!h' float specifier changed to `!ht'.

LaTeX Info: Redefining \. on input line 189.
LaTeX Info: Redefining \% on input line 189.

Overfull \vbox (0.85403pt too high) has occurred while \output is active []


[35]
<./img/render.png, id=949, 462.528pt x 209.583pt>
File: ./img/render.png Graphic file (type png)
<use ./img/render.png>
Package pdftex.def Info: ./img/render.png  used on input line 197.
(pdftex.def)             Requested size: 344.69766pt x 156.19867pt.
<./img/caja1.png, id=950, 1003.75pt x 642.4pt>
File: ./img/caja1.png Graphic file (type png)
<use ./img/caja1.png>
Package pdftex.def Info: ./img/caja1.png  used on input line 202.
(pdftex.def)             Requested size: 344.69766pt x 220.60881pt.
LaTeX Info: Redefining \. on input line 202.
LaTeX Info: Redefining \% on input line 202.
 [36 <./img/hardwareRedCan.png> <./img/render.png>]
<./img/caja2.png, id=956, 1284.8pt x 642.4pt>
File: ./img/caja2.png Graphic file (type png)
<use ./img/caja2.png>
Package pdftex.def Info: ./img/caja2.png  used on input line 203.
(pdftex.def)             Requested size: 344.69766pt x 172.34267pt.
)
LaTeX Info: Redefining \. on input line 483.
LaTeX Info: Redefining \% on input line 483.

Overfull \vbox (0.85403pt too high) has occurred while \output is active []


[37 <./img/caja1.png> <./img/caja2.png>]
\openout2 = `./tex/6_Trabajos_relacionados.aux'.

 (tex/6_Trabajos_relacionados.tex
[38



] [39]
Underfull \hbox (badness 10000) in paragraph at lines 38--38
[]|\T1/lmr/m/n/12 (+20) Visualización
 []


Underfull \hbox (badness 10000) in paragraph at lines 38--38
[]|\T1/lmr/m/n/12 (+20) Representación
 []


Underfull \hbox (badness 7981) in paragraph at lines 38--38
\T1/lmr/m/n/12 (+20) grá-fi-ca de los
 []


Underfull \hbox (badness 2469) in paragraph at lines 38--38
[]|\T1/lmr/m/n/12 (+20) Etiquetado con
 []


Underfull \hbox (badness 1789) in paragraph at lines 38--38
[]|\T1/lmr/m/n/12 (+20) Importar y ex-
 []

)
LaTeX Info: Redefining \. on input line 484.
LaTeX Info: Redefining \% on input line 484.
 [40]
\openout2 = `./tex/7_Conclusiones_Lineas_de_trabajo_futuras.aux'.

 (tex/7_Conclusiones_Lineas_de_trabajo_futuras.tex [41



])
LaTeX Info: Redefining \. on input line 485.
LaTeX Info: Redefining \% on input line 485.
 [42]
(memoria.bbl
Underfull \hbox (badness 10000) in paragraph at lines 14--18
[]\T1/lmr/m/n/12 (+20) BOSCH.  Osi la-yers in au-to-mo-ti-ve net-works, 2013.
 []


Underfull \hbox (badness 10000) in paragraph at lines 14--18
\T1/lmr/m/n/12 (+20) URL [][]$\T1/lmtt/m/n/12 http : / / www . ieee802 . org / 
1 / files / public / docs2013 /
 []


Underfull \hbox (badness 10000) in paragraph at lines 14--18
\T1/lmtt/m/n/12 new-[]tsn-[]diarra-[]osi-[]layers-[]in-[]automotive-[]networks-
[]0313-[]v01 .
 []


Underfull \hbox (badness 2790) in paragraph at lines 20--24
[]\T1/lmr/m/n/12 (+20) Analog De-vi-ces.  Con-tro-ller area net-work (can) im-p
le-men-ta-
 []


Underfull \hbox (badness 4279) in paragraph at lines 20--24
\T1/lmr/m/n/12 (+20) tion gui-de, 2017.  URL [][]$\T1/lmtt/m/n/12 https : / / w
ww . analog . com / media / en /
 []

[43


]
Underfull \hbox (badness 10000) in paragraph at lines 73--77
\T1/lmr/m/n/12 (+20) URL [][]$\T1/lmtt/m/n/12 https : / / www . nxp . com / fil
es-[]static / microcontrollers /
 []


Underfull \hbox (badness 2359) in paragraph at lines 85--89
[]\T1/lmr/m/n/12 (+20) Aron Sre-der.  How to ea-sily im-ple-ment an ap-pli-ca-t
ion pre-
 []


Underfull \hbox (badness 10000) in paragraph at lines 96--100
[][]$\T1/lmtt/m/n/12 https : / / vector-[]academy . com / portal / medien / cmc
 / press /
 []


Underfull \hbox (badness 10000) in paragraph at lines 96--100
\T1/lmtt/m/n/12 PTR / SerialBusSystems _ Part2 _ ElektronikAutomotive _ 200612 
_
 []

)

Class memoir Warning: The material used in the headers is too large
(15.35403pt) for the given head height (14.5pt), it is recommended to
either increase the head height or redesign the header
(in both cases you will find help in the memoir manual). on input line 491.

LaTeX Info: Redefining \. on input line 491.
LaTeX Info: Redefining \% on input line 491.

Overfull \vbox (0.85403pt too high) has occurred while \output is active []


[44]
\tf@toc=\write5
\openout5 = `memoria.toc'.

\tf@lof=\write6
\openout6 = `memoria.lof'.

\tf@lot=\write7
\openout7 = `memoria.lot'.

Package atveryend Info: Empty hook `BeforeClearDocument' on input line 491.
Package atveryend Info: Empty hook `AfterLastShipout' on input line 491.
 (memoria.aux
LaTeX Info: Redefining \. on input line 24.
LaTeX Info: Redefining \% on input line 24.
LaTeX Info: Redefining \. on input line 25.
LaTeX Info: Redefining \% on input line 25.
 (tex/1_Introduccion.aux) (tex/2_Objetivos_del_proyecto.aux)
(tex/3_Conceptos_teoricos.aux) (tex/4_Tecnicas_y_herramientas.aux)
(tex/5_Aspectos_relevantes_del_desarrollo_del_proyecto.aux)
(tex/6_Trabajos_relacionados.aux)
(tex/7_Conclusiones_Lineas_de_trabajo_futuras.aux))
Package atveryend Info: Executing hook `AtVeryEndDocument' on input line 491.
Package atveryend Info: Executing hook `AtEndAfterFileList' on input line 491.
Package rerunfilecheck Info: File `memoria.out' has not changed.
(rerunfilecheck)             Checksum: A72CC90453A1B0666089091C6BA4817F;2624.


LaTeX Font Warning: Some font shapes were not available, defaults substituted.


LaTeX Warning: There were multiply-defined labels.

Package atveryend Info: Empty hook `AtVeryVeryEnd' on input line 491.
 ) 
Here is how much of TeX's memory you used:
 13579 strings out of 492946
 203139 string characters out of 3126711
 379301 words of memory out of 3000000
 16862 multiletter control sequences out of 15000+200000
 104863 words of font info for 143 fonts, out of 3000000 for 9000
 1141 hyphenation exceptions out of 8191
 39i,12n,42p,583b,710s stack positions out of 5000i,500n,10000p,200000b,50000s
{C:/Users/MS02/AppData/Local/Programs/MiKTeX 2.9/fonts/enc/dvips/lm/lm-ec.enc
}<C:/Users/MS02/AppData/Local/Programs/MiKTeX 2.9/fonts/type1/public/lm/lmbx10.
pfb><C:/Users/MS02/AppData/Local/Programs/MiKTeX 2.9/fonts/type1/public/lm/lmbx
12.pfb><C:/Users/MS02/AppData/Local/Programs/MiKTeX 2.9/fonts/type1/public/lm/l
mbx8.pfb><C:/Users/MS02/AppData/Local/Programs/MiKTeX 2.9/fonts/type1/public/lm
/lmbxi10.pfb><C:/Users/MS02/AppData/Local/Programs/MiKTeX 2.9/fonts/type1/publi
c/lm/lmcsc10.pfb><C:/Users/MS02/AppData/Local/Programs/MiKTeX 2.9/fonts/type1/p
ublic/lm/lmr10.pfb><C:/Users/MS02/AppData/Local/Programs/MiKTeX 2.9/fonts/type1
/public/lm/lmr12.pfb><C:/Users/MS02/AppData/Local/Programs/MiKTeX 2.9/fonts/typ
e1/public/lm/lmr17.pfb><C:/Users/MS02/AppData/Local/Programs/MiKTeX 2.9/fonts/t
ype1/public/lm/lmr8.pfb><C:/Users/MS02/AppData/Local/Programs/MiKTeX 2.9/fonts/
type1/public/lm/lmri10.pfb><C:/Users/MS02/AppData/Local/Programs/MiKTeX 2.9/fon
ts/type1/public/lm/lmri12.pfb><C:/Users/MS02/AppData/Local/Programs/MiKTeX 2.9/
fonts/type1/public/lm/lmro12.pfb><C:/Users/MS02/AppData/Local/Programs/MiKTeX 2
.9/fonts/type1/public/lm/lmssbx10.pfb><C:/Users/MS02/AppData/Local/Programs/MiK
TeX 2.9/fonts/type1/public/lm/lmtt12.pfb>
Output written on memoria.pdf (56 pages, 5765813 bytes).
PDF statistics:
 1117 PDF objects out of 1200 (max. 8388607)
 171 named destinations out of 1000 (max. 500000)
 27067 words of extra memory for PDF output out of 29859 (max. 10000000)

